{"/home/narek/epam-react/client/src/components/app/app.jsx": {"path":"/home/narek/epam-react/client/src/components/app/app.jsx","statementMap":{"0":{"start":{"line":11,"column":8},"end":{"line":18,"column":9}}},"fnMap":{"0":{"name":"(anonymous_0)","decl":{"start":{"line":10,"column":4},"end":{"line":10,"column":5}},"loc":{"start":{"line":10,"column":13},"end":{"line":19,"column":5}},"line":10}},"branchMap":{},"s":{"0":1},"f":{"0":1},"b":{},"_coverageSchema":"43e27e138ebf9cfc5966b082cf9a028302ed4184","hash":"b84376f758e8ff79a08d583eebccbb1298d0f3b5"}
,"/home/narek/epam-react/client/src/components/button/button.jsx": {"path":"/home/narek/epam-react/client/src/components/button/button.jsx","statementMap":{"0":{"start":{"line":5,"column":15},"end":{"line":11,"column":1}},"1":{"start":{"line":6,"column":4},"end":{"line":10,"column":6}}},"fnMap":{"0":{"name":"(anonymous_0)","decl":{"start":{"line":5,"column":15},"end":{"line":5,"column":16}},"loc":{"start":{"line":5,"column":26},"end":{"line":11,"column":1}},"line":5}},"branchMap":{},"s":{"0":3,"1":1},"f":{"0":1},"b":{},"_coverageSchema":"43e27e138ebf9cfc5966b082cf9a028302ed4184","hash":"a9707f4266c0f09f5b357dea438221d4a372cb69"}
,"/home/narek/epam-react/client/src/components/card/card.jsx": {"path":"/home/narek/epam-react/client/src/components/card/card.jsx","statementMap":{"0":{"start":{"line":8,"column":8},"end":{"line":8,"column":21}},"1":{"start":{"line":12,"column":8},"end":{"line":23,"column":9}}},"fnMap":{"0":{"name":"(anonymous_0)","decl":{"start":{"line":7,"column":4},"end":{"line":7,"column":5}},"loc":{"start":{"line":7,"column":23},"end":{"line":9,"column":5}},"line":7},"1":{"name":"(anonymous_1)","decl":{"start":{"line":11,"column":4},"end":{"line":11,"column":5}},"loc":{"start":{"line":11,"column":13},"end":{"line":24,"column":5}},"line":11}},"branchMap":{},"s":{"0":1,"1":1},"f":{"0":1,"1":1},"b":{},"_coverageSchema":"43e27e138ebf9cfc5966b082cf9a028302ed4184","hash":"6d4609e1245042acc8f3539b9e91956aa7773499"}
,"/home/narek/epam-react/client/src/components/cards-filer/cards-filter.jsx": {"path":"/home/narek/epam-react/client/src/components/cards-filer/cards-filter.jsx","statementMap":{"0":{"start":{"line":8,"column":8},"end":{"line":8,"column":21}},"1":{"start":{"line":12,"column":8},"end":{"line":22,"column":9}}},"fnMap":{"0":{"name":"(anonymous_0)","decl":{"start":{"line":7,"column":4},"end":{"line":7,"column":5}},"loc":{"start":{"line":7,"column":23},"end":{"line":9,"column":5}},"line":7},"1":{"name":"(anonymous_1)","decl":{"start":{"line":11,"column":4},"end":{"line":11,"column":5}},"loc":{"start":{"line":11,"column":13},"end":{"line":23,"column":5}},"line":11}},"branchMap":{"0":{"loc":{"start":{"line":15,"column":21},"end":{"line":19,"column":30}},"type":"cond-expr","locations":[{"start":{"line":16,"column":24},"end":{"line":16,"column":42}},{"start":{"line":17,"column":24},"end":{"line":19,"column":30}}],"line":15}},"s":{"0":1,"1":1},"f":{"0":1,"1":1},"b":{"0":[0,1]},"_coverageSchema":"43e27e138ebf9cfc5966b082cf9a028302ed4184","hash":"44727835e92476cb41ebce642bd65c4c89aaa1d1"}
,"/home/narek/epam-react/client/src/components/content/content.jsx": {"path":"/home/narek/epam-react/client/src/components/content/content.jsx","statementMap":{"0":{"start":{"line":9,"column":8},"end":{"line":9,"column":21}},"1":{"start":{"line":13,"column":8},"end":{"line":29,"column":9}}},"fnMap":{"0":{"name":"(anonymous_0)","decl":{"start":{"line":8,"column":4},"end":{"line":8,"column":5}},"loc":{"start":{"line":8,"column":23},"end":{"line":10,"column":5}},"line":8},"1":{"name":"(anonymous_1)","decl":{"start":{"line":12,"column":4},"end":{"line":12,"column":5}},"loc":{"start":{"line":12,"column":13},"end":{"line":30,"column":5}},"line":12}},"branchMap":{},"s":{"0":1,"1":1},"f":{"0":1,"1":1},"b":{},"_coverageSchema":"43e27e138ebf9cfc5966b082cf9a028302ed4184","hash":"b9a9b20a2cd77e62b815920f7f32dc17112d6117"}
,"/home/narek/epam-react/client/src/components/film-desc/film-desc.jsx": {"path":"/home/narek/epam-react/client/src/components/film-desc/film-desc.jsx","statementMap":{"0":{"start":{"line":9,"column":8},"end":{"line":9,"column":21}},"1":{"start":{"line":13,"column":8},"end":{"line":35,"column":9}}},"fnMap":{"0":{"name":"(anonymous_0)","decl":{"start":{"line":8,"column":4},"end":{"line":8,"column":5}},"loc":{"start":{"line":8,"column":23},"end":{"line":10,"column":5}},"line":8},"1":{"name":"(anonymous_1)","decl":{"start":{"line":12,"column":4},"end":{"line":12,"column":5}},"loc":{"start":{"line":12,"column":13},"end":{"line":36,"column":5}},"line":12}},"branchMap":{},"s":{"0":1,"1":1},"f":{"0":1,"1":1},"b":{},"_coverageSchema":"43e27e138ebf9cfc5966b082cf9a028302ed4184","hash":"ae8e807b758b8525e3454b21fb568d14186c3816"}
,"/home/narek/epam-react/client/src/components/footer/footer.jsx": {"path":"/home/narek/epam-react/client/src/components/footer/footer.jsx","statementMap":{"0":{"start":{"line":5,"column":15},"end":{"line":13,"column":1}},"1":{"start":{"line":6,"column":2},"end":{"line":12,"column":1}}},"fnMap":{"0":{"name":"(anonymous_0)","decl":{"start":{"line":5,"column":15},"end":{"line":5,"column":16}},"loc":{"start":{"line":5,"column":21},"end":{"line":13,"column":1}},"line":5}},"branchMap":{},"s":{"0":2,"1":1},"f":{"0":1},"b":{},"_coverageSchema":"43e27e138ebf9cfc5966b082cf9a028302ed4184","hash":"944e99509325c7155c9dfe9d9c506de4f3db93b3"}
,"/home/narek/epam-react/client/src/components/header/header.jsx": {"path":"/home/narek/epam-react/client/src/components/header/header.jsx","statementMap":{"0":{"start":{"line":11,"column":8},"end":{"line":11,"column":21}},"1":{"start":{"line":15,"column":8},"end":{"line":47,"column":10}}},"fnMap":{"0":{"name":"(anonymous_0)","decl":{"start":{"line":10,"column":4},"end":{"line":10,"column":5}},"loc":{"start":{"line":10,"column":23},"end":{"line":12,"column":5}},"line":10},"1":{"name":"(anonymous_1)","decl":{"start":{"line":14,"column":4},"end":{"line":14,"column":5}},"loc":{"start":{"line":14,"column":13},"end":{"line":48,"column":5}},"line":14}},"branchMap":{"0":{"loc":{"start":{"line":21,"column":29},"end":{"line":21,"column":128}},"type":"cond-expr","locations":[{"start":{"line":21,"column":51},"end":{"line":21,"column":55}},{"start":{"line":21,"column":58},"end":{"line":21,"column":128}}],"line":21},"1":{"loc":{"start":{"line":23,"column":25},"end":{"line":42,"column":30}},"type":"cond-expr","locations":[{"start":{"line":23,"column":47},"end":{"line":38,"column":30}},{"start":{"line":40,"column":24},"end":{"line":42,"column":30}}],"line":23}},"s":{"0":1,"1":1},"f":{"0":1,"1":1},"b":{"0":[0,1],"1":[0,1]},"_coverageSchema":"43e27e138ebf9cfc5966b082cf9a028302ed4184","hash":"1553f9e40131465d6cda4ca2e315142af2e90a5f"}
,"/home/narek/epam-react/client/src/components/input/index.jsx": {"path":"/home/narek/epam-react/client/src/components/input/index.jsx","statementMap":{"0":{"start":{"line":4,"column":14},"end":{"line":10,"column":1}},"1":{"start":{"line":5,"column":4},"end":{"line":9,"column":5}}},"fnMap":{"0":{"name":"(anonymous_0)","decl":{"start":{"line":4,"column":14},"end":{"line":4,"column":15}},"loc":{"start":{"line":4,"column":25},"end":{"line":10,"column":1}},"line":4}},"branchMap":{},"s":{"0":3,"1":1},"f":{"0":1},"b":{},"_coverageSchema":"43e27e138ebf9cfc5966b082cf9a028302ed4184","hash":"15440c9d3916b3ff2ad1cd2ae247fc7666e37155"}
,"/home/narek/epam-react/client/src/components/rating/rating.jsx": {"path":"/home/narek/epam-react/client/src/components/rating/rating.jsx","statementMap":{"0":{"start":{"line":5,"column":15},"end":{"line":11,"column":1}},"1":{"start":{"line":6,"column":4},"end":{"line":10,"column":5}}},"fnMap":{"0":{"name":"(anonymous_0)","decl":{"start":{"line":5,"column":15},"end":{"line":5,"column":16}},"loc":{"start":{"line":5,"column":26},"end":{"line":11,"column":1}},"line":5}},"branchMap":{},"s":{"0":4,"1":1},"f":{"0":1},"b":{},"_coverageSchema":"43e27e138ebf9cfc5966b082cf9a028302ed4184","hash":"c985b5176bc2285611191b9722d27e66dd530bbc"}
,"/home/narek/epam-react/client/src/components/text/text.jsx": {"path":"/home/narek/epam-react/client/src/components/text/text.jsx","statementMap":{"0":{"start":{"line":4,"column":13},"end":{"line":8,"column":1}},"1":{"start":{"line":5,"column":4},"end":{"line":7,"column":5}}},"fnMap":{"0":{"name":"(anonymous_0)","decl":{"start":{"line":4,"column":13},"end":{"line":4,"column":14}},"loc":{"start":{"line":4,"column":24},"end":{"line":8,"column":1}},"line":4}},"branchMap":{},"s":{"0":10,"1":1},"f":{"0":1},"b":{},"_coverageSchema":"43e27e138ebf9cfc5966b082cf9a028302ed4184","hash":"6fa2d3476aff255dbc0d33d45d7a78f870c32685"}
}
