{"/home/narek/epam-react/client/src/actions/film-action.jsx": {"path":"/home/narek/epam-react/client/src/actions/film-action.jsx","statementMap":{"0":{"start":{"line":6,"column":24},"end":{"line":14,"column":1}},"1":{"start":{"line":7,"column":4},"end":{"line":13,"column":6}},"2":{"start":{"line":8,"column":8},"end":{"line":12,"column":15}},"3":{"start":{"line":9,"column":25},"end":{"line":9,"column":35}},"4":{"start":{"line":11,"column":16},"end":{"line":11,"column":50}},"5":{"start":{"line":16,"column":27},"end":{"line":22,"column":2}},"6":{"start":{"line":16,"column":39},"end":{"line":22,"column":1}},"7":{"start":{"line":24,"column":27},"end":{"line":29,"column":2}},"8":{"start":{"line":24,"column":39},"end":{"line":29,"column":1}}},"fnMap":{"0":{"name":"(anonymous_0)","decl":{"start":{"line":6,"column":24},"end":{"line":6,"column":25}},"loc":{"start":{"line":6,"column":40},"end":{"line":14,"column":1}},"line":6},"1":{"name":"(anonymous_1)","decl":{"start":{"line":7,"column":11},"end":{"line":7,"column":12}},"loc":{"start":{"line":7,"column":25},"end":{"line":13,"column":5}},"line":7},"2":{"name":"(anonymous_2)","decl":{"start":{"line":9,"column":18},"end":{"line":9,"column":19}},"loc":{"start":{"line":9,"column":25},"end":{"line":9,"column":35}},"line":9},"3":{"name":"(anonymous_3)","decl":{"start":{"line":10,"column":19},"end":{"line":10,"column":20}},"loc":{"start":{"line":10,"column":27},"end":{"line":12,"column":13}},"line":10},"4":{"name":"(anonymous_4)","decl":{"start":{"line":16,"column":27},"end":{"line":16,"column":28}},"loc":{"start":{"line":16,"column":39},"end":{"line":22,"column":1}},"line":16},"5":{"name":"(anonymous_5)","decl":{"start":{"line":24,"column":27},"end":{"line":24,"column":28}},"loc":{"start":{"line":24,"column":39},"end":{"line":29,"column":1}},"line":24}},"branchMap":{},"s":{"0":3,"1":0,"2":0,"3":0,"4":0,"5":3,"6":0,"7":3,"8":0},"f":{"0":0,"1":0,"2":0,"3":0,"4":0,"5":0},"b":{},"_coverageSchema":"43e27e138ebf9cfc5966b082cf9a028302ed4184","hash":"1dcd5333c695bbbec02494cc595c46db8641d972"}
,"/home/narek/epam-react/client/src/actions/types.jsx": {"path":"/home/narek/epam-react/client/src/actions/types.jsx","statementMap":{"0":{"start":{"line":1,"column":36},"end":{"line":1,"column":58}},"1":{"start":{"line":2,"column":36},"end":{"line":2,"column":58}}},"fnMap":{},"branchMap":{},"s":{"0":3,"1":3},"f":{},"b":{},"_coverageSchema":"43e27e138ebf9cfc5966b082cf9a028302ed4184","hash":"c77e6f99d9352f63158bcd94cde682dece08a66b"}
,"/home/narek/epam-react/client/src/components/app/app.jsx": {"path":"/home/narek/epam-react/client/src/components/app/app.jsx","statementMap":{"0":{"start":{"line":13,"column":34},"end":{"line":13,"column":69}},"1":{"start":{"line":14,"column":14},"end":{"line":14,"column":49}},"2":{"start":{"line":18,"column":8},"end":{"line":18,"column":21}},"3":{"start":{"line":20,"column":8},"end":{"line":22,"column":10}},"4":{"start":{"line":26,"column":8},"end":{"line":28,"column":10}},"5":{"start":{"line":34,"column":12},"end":{"line":34,"column":22}},"6":{"start":{"line":36,"column":8},"end":{"line":50,"column":9}}},"fnMap":{"0":{"name":"(anonymous_0)","decl":{"start":{"line":17,"column":4},"end":{"line":17,"column":5}},"loc":{"start":{"line":17,"column":23},"end":{"line":23,"column":5}},"line":17},"1":{"name":"(anonymous_1)","decl":{"start":{"line":25,"column":19},"end":{"line":25,"column":20}},"loc":{"start":{"line":25,"column":34},"end":{"line":29,"column":5}},"line":25},"2":{"name":"(anonymous_2)","decl":{"start":{"line":31,"column":4},"end":{"line":31,"column":5}},"loc":{"start":{"line":31,"column":13},"end":{"line":51,"column":5}},"line":31}},"branchMap":{},"s":{"0":0,"1":0,"2":0,"3":0,"4":0,"5":0,"6":0},"f":{"0":0,"1":0,"2":0},"b":{}}
,"/home/narek/epam-react/client/src/components/button/button.jsx": {"path":"/home/narek/epam-react/client/src/components/button/button.jsx","statementMap":{"0":{"start":{"line":8,"column":8},"end":{"line":8,"column":21}},"1":{"start":{"line":12,"column":8},"end":{"line":14,"column":9}},"2":{"start":{"line":13,"column":12},"end":{"line":13,"column":48}},"3":{"start":{"line":18,"column":8},"end":{"line":22,"column":10}}},"fnMap":{"0":{"name":"(anonymous_0)","decl":{"start":{"line":7,"column":4},"end":{"line":7,"column":5}},"loc":{"start":{"line":7,"column":23},"end":{"line":9,"column":5}},"line":7},"1":{"name":"(anonymous_1)","decl":{"start":{"line":11,"column":18},"end":{"line":11,"column":19}},"loc":{"start":{"line":11,"column":24},"end":{"line":15,"column":5}},"line":11},"2":{"name":"(anonymous_2)","decl":{"start":{"line":17,"column":4},"end":{"line":17,"column":5}},"loc":{"start":{"line":17,"column":13},"end":{"line":23,"column":5}},"line":17}},"branchMap":{"0":{"loc":{"start":{"line":12,"column":8},"end":{"line":14,"column":9}},"type":"if","locations":[{"start":{"line":12,"column":8},"end":{"line":14,"column":9}},{"start":{"line":12,"column":8},"end":{"line":14,"column":9}}],"line":12}},"s":{"0":1,"1":0,"2":0,"3":1},"f":{"0":1,"1":0,"2":1},"b":{"0":[0,0]},"_coverageSchema":"43e27e138ebf9cfc5966b082cf9a028302ed4184","hash":"ac4fadc2f8209902a0647765d6680db0c1d7e2a7"}
,"/home/narek/epam-react/client/src/components/card/card.jsx": {"path":"/home/narek/epam-react/client/src/components/card/card.jsx","statementMap":{"0":{"start":{"line":8,"column":8},"end":{"line":8,"column":21}},"1":{"start":{"line":12,"column":8},"end":{"line":25,"column":9}},"2":{"start":{"line":21,"column":66},"end":{"line":21,"column":117}}},"fnMap":{"0":{"name":"(anonymous_0)","decl":{"start":{"line":7,"column":4},"end":{"line":7,"column":5}},"loc":{"start":{"line":7,"column":23},"end":{"line":9,"column":5}},"line":7},"1":{"name":"(anonymous_1)","decl":{"start":{"line":11,"column":4},"end":{"line":11,"column":5}},"loc":{"start":{"line":11,"column":13},"end":{"line":26,"column":5}},"line":11},"2":{"name":"(anonymous_2)","decl":{"start":{"line":21,"column":52},"end":{"line":21,"column":53}},"loc":{"start":{"line":21,"column":66},"end":{"line":21,"column":117}},"line":21}},"branchMap":{},"s":{"0":1,"1":1,"2":0},"f":{"0":1,"1":1,"2":0},"b":{},"_coverageSchema":"43e27e138ebf9cfc5966b082cf9a028302ed4184","hash":"a6946f59353d26fbf2f1ac592e6821eb490b4670"}
,"/home/narek/epam-react/client/src/components/cards-filer/cards-filter.jsx": {"path":"/home/narek/epam-react/client/src/components/cards-filer/cards-filter.jsx","statementMap":{"0":{"start":{"line":10,"column":8},"end":{"line":10,"column":21}},"1":{"start":{"line":11,"column":8},"end":{"line":13,"column":9}},"2":{"start":{"line":17,"column":8},"end":{"line":17,"column":47}},"3":{"start":{"line":18,"column":8},"end":{"line":18,"column":39}},"4":{"start":{"line":22,"column":8},"end":{"line":49,"column":9}},"5":{"start":{"line":53,"column":24},"end":{"line":57,"column":1}},"6":{"start":{"line":54,"column":4},"end":{"line":56,"column":6}}},"fnMap":{"0":{"name":"(anonymous_0)","decl":{"start":{"line":9,"column":4},"end":{"line":9,"column":5}},"loc":{"start":{"line":9,"column":23},"end":{"line":14,"column":5}},"line":9},"1":{"name":"(anonymous_1)","decl":{"start":{"line":16,"column":23},"end":{"line":16,"column":24}},"loc":{"start":{"line":16,"column":34},"end":{"line":19,"column":5}},"line":16},"2":{"name":"(anonymous_2)","decl":{"start":{"line":21,"column":4},"end":{"line":21,"column":5}},"loc":{"start":{"line":21,"column":13},"end":{"line":50,"column":5}},"line":21},"3":{"name":"(anonymous_3)","decl":{"start":{"line":53,"column":24},"end":{"line":53,"column":25}},"loc":{"start":{"line":53,"column":45},"end":{"line":57,"column":1}},"line":53}},"branchMap":{"0":{"loc":{"start":{"line":26,"column":25},"end":{"line":29,"column":65}},"type":"cond-expr","locations":[{"start":{"line":27,"column":28},"end":{"line":27,"column":79}},{"start":{"line":29,"column":28},"end":{"line":29,"column":65}}],"line":26},"1":{"loc":{"start":{"line":31,"column":25},"end":{"line":44,"column":32}},"type":"cond-expr","locations":[{"start":{"line":32,"column":28},"end":{"line":42,"column":34}},{"start":{"line":44,"column":28},"end":{"line":44,"column":32}}],"line":31},"2":{"loc":{"start":{"line":35,"column":65},"end":{"line":35,"column":134}},"type":"cond-expr","locations":[{"start":{"line":35,"column":112},"end":{"line":35,"column":129}},{"start":{"line":35,"column":132},"end":{"line":35,"column":134}}],"line":35},"3":{"loc":{"start":{"line":39,"column":65},"end":{"line":39,"column":134}},"type":"cond-expr","locations":[{"start":{"line":39,"column":112},"end":{"line":39,"column":129}},{"start":{"line":39,"column":132},"end":{"line":39,"column":134}}],"line":39}},"s":{"0":0,"1":0,"2":0,"3":0,"4":0,"5":1,"6":0},"f":{"0":0,"1":0,"2":0,"3":0},"b":{"0":[0,0],"1":[0,0],"2":[0,0],"3":[0,0]},"_coverageSchema":"43e27e138ebf9cfc5966b082cf9a028302ed4184","hash":"d4a58ea993815c64004da805305579adc6d8d517"}
,"/home/narek/epam-react/client/src/components/content/content.jsx": {"path":"/home/narek/epam-react/client/src/components/content/content.jsx","statementMap":{"0":{"start":{"line":12,"column":8},"end":{"line":12,"column":79}},"1":{"start":{"line":13,"column":8},"end":{"line":27,"column":9}},"2":{"start":{"line":18,"column":59},"end":{"line":18,"column":82}},"3":{"start":{"line":18,"column":111},"end":{"line":18,"column":138}},"4":{"start":{"line":31,"column":27},"end":{"line":33,"column":2}},"5":{"start":{"line":31,"column":42},"end":{"line":33,"column":1}},"6":{"start":{"line":32,"column":26},"end":{"line":32,"column":46}},"7":{"start":{"line":35,"column":24},"end":{"line":39,"column":1}},"8":{"start":{"line":36,"column":4},"end":{"line":38,"column":6}}},"fnMap":{"0":{"name":"(anonymous_0)","decl":{"start":{"line":11,"column":4},"end":{"line":11,"column":5}},"loc":{"start":{"line":11,"column":13},"end":{"line":28,"column":5}},"line":11},"1":{"name":"(anonymous_1)","decl":{"start":{"line":18,"column":54},"end":{"line":18,"column":55}},"loc":{"start":{"line":18,"column":59},"end":{"line":18,"column":82}},"line":18},"2":{"name":"(anonymous_2)","decl":{"start":{"line":18,"column":98},"end":{"line":18,"column":99}},"loc":{"start":{"line":18,"column":111},"end":{"line":18,"column":138}},"line":18},"3":{"name":"(anonymous_3)","decl":{"start":{"line":31,"column":27},"end":{"line":31,"column":28}},"loc":{"start":{"line":31,"column":42},"end":{"line":33,"column":1}},"line":31},"4":{"name":"(anonymous_4)","decl":{"start":{"line":32,"column":20},"end":{"line":32,"column":21}},"loc":{"start":{"line":32,"column":26},"end":{"line":32,"column":46}},"line":32},"5":{"name":"(anonymous_5)","decl":{"start":{"line":35,"column":24},"end":{"line":35,"column":25}},"loc":{"start":{"line":35,"column":45},"end":{"line":39,"column":1}},"line":35}},"branchMap":{"0":{"loc":{"start":{"line":16,"column":21},"end":{"line":23,"column":30}},"type":"cond-expr","locations":[{"start":{"line":17,"column":24},"end":{"line":19,"column":30}},{"start":{"line":21,"column":24},"end":{"line":23,"column":30}}],"line":16}},"s":{"0":0,"1":0,"2":0,"3":0,"4":1,"5":0,"6":0,"7":1,"8":0},"f":{"0":0,"1":0,"2":0,"3":0,"4":0,"5":0},"b":{"0":[0,0]},"_coverageSchema":"43e27e138ebf9cfc5966b082cf9a028302ed4184","hash":"f312a9eb8f0bda2d18b4a2a1b9b0b2f35cbaf40a"}
,"/home/narek/epam-react/client/src/components/film-desc/film-desc.jsx": {"path":"/home/narek/epam-react/client/src/components/film-desc/film-desc.jsx","statementMap":{"0":{"start":{"line":9,"column":8},"end":{"line":9,"column":21}},"1":{"start":{"line":13,"column":8},"end":{"line":35,"column":9}}},"fnMap":{"0":{"name":"(anonymous_0)","decl":{"start":{"line":8,"column":4},"end":{"line":8,"column":5}},"loc":{"start":{"line":8,"column":23},"end":{"line":10,"column":5}},"line":8},"1":{"name":"(anonymous_1)","decl":{"start":{"line":12,"column":4},"end":{"line":12,"column":5}},"loc":{"start":{"line":12,"column":13},"end":{"line":36,"column":5}},"line":12}},"branchMap":{},"s":{"0":1,"1":1},"f":{"0":1,"1":1},"b":{},"_coverageSchema":"43e27e138ebf9cfc5966b082cf9a028302ed4184","hash":"ae8e807b758b8525e3454b21fb568d14186c3816"}
,"/home/narek/epam-react/client/src/components/footer/footer.jsx": {"path":"/home/narek/epam-react/client/src/components/footer/footer.jsx","statementMap":{"0":{"start":{"line":5,"column":15},"end":{"line":13,"column":1}},"1":{"start":{"line":6,"column":2},"end":{"line":12,"column":1}}},"fnMap":{"0":{"name":"(anonymous_0)","decl":{"start":{"line":5,"column":15},"end":{"line":5,"column":16}},"loc":{"start":{"line":5,"column":21},"end":{"line":13,"column":1}},"line":5}},"branchMap":{},"s":{"0":1,"1":1},"f":{"0":1},"b":{},"_coverageSchema":"43e27e138ebf9cfc5966b082cf9a028302ed4184","hash":"944e99509325c7155c9dfe9d9c506de4f3db93b3"}
,"/home/narek/epam-react/client/src/components/header/header.jsx": {"path":"/home/narek/epam-react/client/src/components/header/header.jsx","statementMap":{"0":{"start":{"line":13,"column":8},"end":{"line":13,"column":21}},"1":{"start":{"line":14,"column":8},"end":{"line":17,"column":10}},"2":{"start":{"line":19,"column":8},"end":{"line":19,"column":61}},"3":{"start":{"line":20,"column":8},"end":{"line":20,"column":45}},"4":{"start":{"line":22,"column":8},"end":{"line":24,"column":10}},"5":{"start":{"line":23,"column":12},"end":{"line":23,"column":41}},"6":{"start":{"line":28,"column":8},"end":{"line":28,"column":40}},"7":{"start":{"line":32,"column":8},"end":{"line":32,"column":77}},"8":{"start":{"line":36,"column":8},"end":{"line":79,"column":10}},"9":{"start":{"line":54,"column":61},"end":{"line":54,"column":89}},"10":{"start":{"line":59,"column":61},"end":{"line":59,"column":90}},"11":{"start":{"line":83,"column":27},"end":{"line":85,"column":2}},"12":{"start":{"line":83,"column":42},"end":{"line":85,"column":1}},"13":{"start":{"line":84,"column":36},"end":{"line":84,"column":66}},"14":{"start":{"line":87,"column":24},"end":{"line":91,"column":1}},"15":{"start":{"line":88,"column":4},"end":{"line":90,"column":6}}},"fnMap":{"0":{"name":"(anonymous_0)","decl":{"start":{"line":12,"column":4},"end":{"line":12,"column":5}},"loc":{"start":{"line":12,"column":23},"end":{"line":25,"column":5}},"line":12},"1":{"name":"(anonymous_1)","decl":{"start":{"line":22,"column":32},"end":{"line":22,"column":33}},"loc":{"start":{"line":22,"column":42},"end":{"line":24,"column":9}},"line":22},"2":{"name":"(anonymous_2)","decl":{"start":{"line":27,"column":4},"end":{"line":27,"column":5}},"loc":{"start":{"line":27,"column":24},"end":{"line":29,"column":5}},"line":27},"3":{"name":"(anonymous_3)","decl":{"start":{"line":31,"column":4},"end":{"line":31,"column":5}},"loc":{"start":{"line":31,"column":13},"end":{"line":33,"column":5}},"line":31},"4":{"name":"(anonymous_4)","decl":{"start":{"line":35,"column":4},"end":{"line":35,"column":5}},"loc":{"start":{"line":35,"column":13},"end":{"line":80,"column":5}},"line":35},"5":{"name":"(anonymous_5)","decl":{"start":{"line":54,"column":55},"end":{"line":54,"column":56}},"loc":{"start":{"line":54,"column":61},"end":{"line":54,"column":89}},"line":54},"6":{"name":"(anonymous_6)","decl":{"start":{"line":59,"column":55},"end":{"line":59,"column":56}},"loc":{"start":{"line":59,"column":61},"end":{"line":59,"column":90}},"line":59},"7":{"name":"(anonymous_7)","decl":{"start":{"line":83,"column":27},"end":{"line":83,"column":28}},"loc":{"start":{"line":83,"column":42},"end":{"line":85,"column":1}},"line":83},"8":{"name":"(anonymous_8)","decl":{"start":{"line":84,"column":20},"end":{"line":84,"column":21}},"loc":{"start":{"line":84,"column":36},"end":{"line":84,"column":66}},"line":84},"9":{"name":"(anonymous_9)","decl":{"start":{"line":87,"column":24},"end":{"line":87,"column":25}},"loc":{"start":{"line":87,"column":45},"end":{"line":91,"column":1}},"line":87}},"branchMap":{"0":{"loc":{"start":{"line":42,"column":29},"end":{"line":44,"column":37}},"type":"cond-expr","locations":[{"start":{"line":42,"column":51},"end":{"line":42,"column":55}},{"start":{"line":42,"column":58},"end":{"line":44,"column":37}}],"line":42},"1":{"loc":{"start":{"line":46,"column":25},"end":{"line":74,"column":30}},"type":"cond-expr","locations":[{"start":{"line":46,"column":47},"end":{"line":70,"column":30}},{"start":{"line":72,"column":24},"end":{"line":74,"column":30}}],"line":46},"2":{"loc":{"start":{"line":55,"column":64},"end":{"line":55,"column":109}},"type":"cond-expr","locations":[{"start":{"line":55,"column":98},"end":{"line":55,"column":100}},{"start":{"line":55,"column":103},"end":{"line":55,"column":109}}],"line":55},"3":{"loc":{"start":{"line":60,"column":64},"end":{"line":60,"column":110}},"type":"cond-expr","locations":[{"start":{"line":60,"column":99},"end":{"line":60,"column":101}},{"start":{"line":60,"column":104},"end":{"line":60,"column":110}}],"line":60}},"s":{"0":0,"1":0,"2":0,"3":0,"4":0,"5":0,"6":0,"7":0,"8":0,"9":0,"10":0,"11":1,"12":0,"13":0,"14":1,"15":0},"f":{"0":0,"1":0,"2":0,"3":0,"4":0,"5":0,"6":0,"7":0,"8":0,"9":0},"b":{"0":[0,0],"1":[0,0],"2":[0,0],"3":[0,0]},"_coverageSchema":"43e27e138ebf9cfc5966b082cf9a028302ed4184","hash":"15570ee70af900ce9eafd4c3f97407fb5c9abf09"}
,"/home/narek/epam-react/client/src/components/input/index.jsx": {"path":"/home/narek/epam-react/client/src/components/input/index.jsx","statementMap":{"0":{"start":{"line":7,"column":8},"end":{"line":7,"column":21}},"1":{"start":{"line":8,"column":8},"end":{"line":10,"column":10}},"2":{"start":{"line":11,"column":8},"end":{"line":11,"column":65}},"3":{"start":{"line":15,"column":8},"end":{"line":21,"column":9}},"4":{"start":{"line":25,"column":8},"end":{"line":25,"column":52}},"5":{"start":{"line":26,"column":8},"end":{"line":26,"column":49}}},"fnMap":{"0":{"name":"(anonymous_0)","decl":{"start":{"line":6,"column":4},"end":{"line":6,"column":5}},"loc":{"start":{"line":6,"column":23},"end":{"line":12,"column":5}},"line":6},"1":{"name":"(anonymous_1)","decl":{"start":{"line":14,"column":4},"end":{"line":14,"column":5}},"loc":{"start":{"line":14,"column":13},"end":{"line":22,"column":5}},"line":14},"2":{"name":"(anonymous_2)","decl":{"start":{"line":24,"column":4},"end":{"line":24,"column":5}},"loc":{"start":{"line":24,"column":24},"end":{"line":27,"column":5}},"line":24}},"branchMap":{},"s":{"0":1,"1":1,"2":1,"3":1,"4":0,"5":0},"f":{"0":1,"1":1,"2":0},"b":{},"_coverageSchema":"43e27e138ebf9cfc5966b082cf9a028302ed4184","hash":"65b62ebcd2f61537aff6ac7dc3c8f597c6c5c34a"}
,"/home/narek/epam-react/client/src/components/rating/rating.jsx": {"path":"/home/narek/epam-react/client/src/components/rating/rating.jsx","statementMap":{"0":{"start":{"line":5,"column":15},"end":{"line":11,"column":1}},"1":{"start":{"line":6,"column":4},"end":{"line":10,"column":5}}},"fnMap":{"0":{"name":"(anonymous_0)","decl":{"start":{"line":5,"column":15},"end":{"line":5,"column":16}},"loc":{"start":{"line":5,"column":26},"end":{"line":11,"column":1}},"line":5}},"branchMap":{},"s":{"0":3,"1":1},"f":{"0":1},"b":{},"_coverageSchema":"43e27e138ebf9cfc5966b082cf9a028302ed4184","hash":"c985b5176bc2285611191b9722d27e66dd530bbc"}
,"/home/narek/epam-react/client/src/components/text/text.jsx": {"path":"/home/narek/epam-react/client/src/components/text/text.jsx","statementMap":{"0":{"start":{"line":4,"column":13},"end":{"line":8,"column":1}},"1":{"start":{"line":5,"column":4},"end":{"line":7,"column":5}}},"fnMap":{"0":{"name":"(anonymous_0)","decl":{"start":{"line":4,"column":13},"end":{"line":4,"column":14}},"loc":{"start":{"line":4,"column":24},"end":{"line":8,"column":1}},"line":4}},"branchMap":{},"s":{"0":9,"1":1},"f":{"0":1},"b":{},"_coverageSchema":"43e27e138ebf9cfc5966b082cf9a028302ed4184","hash":"6fa2d3476aff255dbc0d33d45d7a78f870c32685"}
,"/home/narek/epam-react/client/src/reducers/films-reducer.jsx": {"path":"/home/narek/epam-react/client/src/reducers/films-reducer.jsx","statementMap":{"0":{"start":{"line":7,"column":4},"end":{"line":14,"column":5}},"1":{"start":{"line":9,"column":12},"end":{"line":9,"column":34}},"2":{"start":{"line":11,"column":12},"end":{"line":11,"column":40}},"3":{"start":{"line":13,"column":12},"end":{"line":13,"column":24}}},"fnMap":{"0":{"name":"(anonymous_0)","decl":{"start":{"line":4,"column":15},"end":{"line":4,"column":16}},"loc":{"start":{"line":6,"column":14},"end":{"line":15,"column":1}},"line":6}},"branchMap":{"0":{"loc":{"start":{"line":4,"column":16},"end":{"line":6,"column":1}},"type":"default-arg","locations":[{"start":{"line":4,"column":24},"end":{"line":6,"column":1}}],"line":4},"1":{"loc":{"start":{"line":7,"column":4},"end":{"line":14,"column":5}},"type":"switch","locations":[{"start":{"line":8,"column":8},"end":{"line":9,"column":34}},{"start":{"line":10,"column":8},"end":{"line":11,"column":40}},{"start":{"line":12,"column":8},"end":{"line":13,"column":24}}],"line":7}},"s":{"0":0,"1":0,"2":0,"3":0},"f":{"0":0},"b":{"0":[0],"1":[0,0,0]}}
,"/home/narek/epam-react/client/src/reducers/index.jsx": {"path":"/home/narek/epam-react/client/src/reducers/index.jsx","statementMap":{"0":{"start":{"line":4,"column":20},"end":{"line":6,"column":2}}},"fnMap":{},"branchMap":{},"s":{"0":0},"f":{},"b":{}}
}
